  正在清理远程项目目录
D:\VS2019\MSBuild\Microsoft\VC\v160\Microsoft.CppBuild.targets(491,5): warning MSB8028: 中间目录(E:\classes\Computer Network\final project\Final project_ZhengAn(G31579743)\Source Code\GameServer\LoginServer\obj\x64\Debug\)包含从另一个项目(GameServer3.vcxproj, LoginServer.vcxproj)共享的文件。   这会导致错误的清除和重新生成行为。
  正在验证源
  正在将源远程复制到“192.168.18.128”
  正在验证体系结构
  正在验证体系结构
  正在启动远程生成
  正在编译源:
  allmsg.pb.cc
  Channel.cpp
  DB_Manager.cpp
E:\classes\Computer Network\final project\Final project_ZhengAn(G31579743)\Source Code\GameServer\LoginServer\DB_Manager.cpp(43,16): warning : suggest parentheses around assignment used as truth value [-Wparentheses]
E:\classes\Computer Network\final project\Final project_ZhengAn(G31579743)\Source Code\GameServer\LoginServer\DB_Manager.cpp(43,16): warning :    43 |     while (row = mysql_fetch_row(res))
E:\classes\Computer Network\final project\Final project_ZhengAn(G31579743)\Source Code\GameServer\LoginServer\DB_Manager.cpp(43,16): warning :       |            ~~~~^~~~~~~~~~~~~~~~~~~~~~
  LoadBalancer.cpp
E:\classes\Computer Network\final project\Final project_ZhengAn(G31579743)\Source Code\GameServer\LoginServer\LoadBalancer.cpp(6,40): warning : conversion from ‘int’ to ‘float’ may change value [-Wconversion]
E:\classes\Computer Network\final project\Final project_ZhengAn(G31579743)\Source Code\GameServer\LoginServer\LoadBalancer.cpp(6,40): warning :     6 |     int curReplicas = (1 - loadRate) * m_maxReplicas;
E:\classes\Computer Network\final project\Final project_ZhengAn(G31579743)\Source Code\GameServer\LoginServer\LoadBalancer.cpp(6,40): warning :       |                                        ^~~~~~~~~~~~~
E:\classes\Computer Network\final project\Final project_ZhengAn(G31579743)\Source Code\GameServer\LoginServer\LoadBalancer.cpp(6,38): warning : conversion from ‘float’ to ‘int’ may change value [-Wfloat-conversion]
E:\classes\Computer Network\final project\Final project_ZhengAn(G31579743)\Source Code\GameServer\LoginServer\LoadBalancer.cpp(6,38): warning :     6 |     int curReplicas = (1 - loadRate) * m_maxReplicas;
E:\classes\Computer Network\final project\Final project_ZhengAn(G31579743)\Source Code\GameServer\LoginServer\LoadBalancer.cpp(6,38): warning :       |                       ~~~~~~~~~~~~~~~^~~~~~~~~~~~~~~
  GameServer.cpp
E:\classes\Computer Network\final project\Final project_ZhengAn(G31579743)\Source Code\GameServer\LoginServer\GameServer.cpp(103,6): warning : unused variable ‘bRet’ [-Wunused-variable]
E:\classes\Computer Network\final project\Final project_ZhengAn(G31579743)\Source Code\GameServer\LoginServer\GameServer.cpp(103,6): warning :   103 |  int bRet = Add_Channel(*_tcpDataHandler);
E:\classes\Computer Network\final project\Final project_ZhengAn(G31579743)\Source Code\GameServer\LoginServer\GameServer.cpp(103,6): warning :       |      ^~~~
E:\classes\Computer Network\final project\Final project_ZhengAn(G31579743)\Source Code\GameServer\LoginServer\GameServer.cpp(140,13): warning : deleting object of abstract class type ‘Channel’ which has non-virtual destructor will cause undefined behavior [-Wdelete-non-virtual-dtor]
E:\classes\Computer Network\final project\Final project_ZhengAn(G31579743)\Source Code\GameServer\LoginServer\GameServer.cpp(140,13): warning :   140 |      delete _Channel;
E:\classes\Computer Network\final project\Final project_ZhengAn(G31579743)\Source Code\GameServer\LoginServer\GameServer.cpp(140,13): warning :       |             ^~~~~~~~
E:\classes\Computer Network\final project\Final project_ZhengAn(G31579743)\Source Code\GameServer\LoginServer\GameServer.cpp(185,21): warning : comparison of integer expressions of different signedness: ‘int’ and ‘std::__cxx11::basic_string<char>::size_type’ {aka ‘long unsigned int’} [-Wsign-compare]
E:\classes\Computer Network\final project\Final project_ZhengAn(G31579743)\Source Code\GameServer\LoginServer\GameServer.cpp(185,21): warning :   185 |   for (int i = 0; i < _szData.size(); ++i)
E:\classes\Computer Network\final project\Final project_ZhengAn(G31579743)\Source Code\GameServer\LoginServer\GameServer.cpp(185,21): warning :       |                   ~~^~~~~~~~~~~~~~~~
E:\classes\Computer Network\final project\Final project_ZhengAn(G31579743)\Source Code\GameServer\LoginServer\GameServer.cpp(209,24): warning : conversion from ‘int’ to ‘uint16_t’ {aka ‘short unsigned int’} may change value [-Wconversion]
E:\classes\Computer Network\final project\Final project_ZhengAn(G31579743)\Source Code\GameServer\LoginServer\GameServer.cpp(209,24): warning :   209 |  addr.sin_port = htons(port);
E:\classes\Computer Network\final project\Final project_ZhengAn(G31579743)\Source Code\GameServer\LoginServer\GameServer.cpp(209,24): warning :       |                        ^~~~
E:\classes\Computer Network\final project\Final project_ZhengAn(G31579743)\Source Code\GameServer\LoginServer\GameServer.cpp(110,1): warning : control reaches end of non-void function [-Wreturn-type]
E:\classes\Computer Network\final project\Final project_ZhengAn(G31579743)\Source Code\GameServer\LoginServer\GameServer.cpp(110,1): warning :   110 | }
E:\classes\Computer Network\final project\Final project_ZhengAn(G31579743)\Source Code\GameServer\LoginServer\GameServer.cpp(110,1): warning :       | ^
  main.cpp
E:\classes\Computer Network\final project\Final project_ZhengAn(G31579743)\Source Code\GameServer\LoginServer\main.cpp(9,7): warning : unused variable ‘backInfo’ [-Wunused-variable]
  MessageHandler.cpp
E:\classes\Computer Network\final project\Final project_ZhengAn(G31579743)\Source Code\GameServer\LoginServer\MessageHandler.h(68,18): warning : ‘MessageHandler::m_tcpDataHndler’ will be initialized after [-Wreorder]
E:\classes\Computer Network\final project\Final project_ZhengAn(G31579743)\Source Code\GameServer\LoginServer\MessageHandler.h(68,18): warning :    68 |  TcpDataHandler* m_tcpDataHndler;
E:\classes\Computer Network\final project\Final project_ZhengAn(G31579743)\Source Code\GameServer\LoginServer\MessageHandler.h(68,18): warning :       |                  ^~~~~~~~~~~~~~~
E:\classes\Computer Network\final project\Final project_ZhengAn(G31579743)\Source Code\GameServer\LoginServer\MessageHandler.h(64,6): warning : ‘int MessageHandler::m_tcpFD’ [-Wreorder]
E:\classes\Computer Network\final project\Final project_ZhengAn(G31579743)\Source Code\GameServer\LoginServer\MessageHandler.h(64,6): warning :    64 |  int m_tcpFD;
E:\classes\Computer Network\final project\Final project_ZhengAn(G31579743)\Source Code\GameServer\LoginServer\MessageHandler.h(64,6): warning :       |      ^~~~~~~
E:\classes\Computer Network\final project\Final project_ZhengAn(G31579743)\Source Code\GameServer\LoginServer\MessageHandler.cpp(115,1): warning : when initialized here [-Wreorder]
E:\classes\Computer Network\final project\Final project_ZhengAn(G31579743)\Source Code\GameServer\LoginServer\MessageHandler.cpp(143,9): warning : unused variable ‘pbmsg’ [-Wunused-variable]
E:\classes\Computer Network\final project\Final project_ZhengAn(G31579743)\Source Code\GameServer\LoginServer\MessageHandler.cpp(162,8): warning : unused variable ‘i’ [-Wunused-variable]
E:\classes\Computer Network\final project\Final project_ZhengAn(G31579743)\Source Code\GameServer\LoginServer\MessageHandler.cpp(162,8): warning :   162 |    int i = 0;
E:\classes\Computer Network\final project\Final project_ZhengAn(G31579743)\Source Code\GameServer\LoginServer\MessageHandler.cpp(162,8): warning :       |        ^
E:\classes\Computer Network\final project\Final project_ZhengAn(G31579743)\Source Code\GameServer\LoginServer\MessageHandler.cpp(224,27): warning : conversion from ‘long int’ to ‘int’ may change value [-Wconversion]
E:\classes\Computer Network\final project\Final project_ZhengAn(G31579743)\Source Code\GameServer\LoginServer\MessageHandler.cpp(224,27): warning :   224 |     int result = random() % 2;
E:\classes\Computer Network\final project\Final project_ZhengAn(G31579743)\Source Code\GameServer\LoginServer\MessageHandler.cpp(224,27): warning :       |                  ~~~~~~~~~^~~
E:\classes\Computer Network\final project\Final project_ZhengAn(G31579743)\Source Code\GameServer\LoginServer\MessageHandler.cpp(286,28): warning : conversion from ‘std::__cxx11::basic_string<char>::size_type’ {aka ‘long unsigned int’} to ‘int32_t’ {aka ‘int’} may change value [-Wconversion]
E:\classes\Computer Network\final project\Final project_ZhengAn(G31579743)\Source Code\GameServer\LoginServer\MessageHandler.cpp(286,28): warning :   286 |  int32_t len = content.size();
E:\classes\Computer Network\final project\Final project_ZhengAn(G31579743)\Source Code\GameServer\LoginServer\MessageHandler.cpp(286,28): warning :       |                ~~~~~~~~~~~~^~
E:\classes\Computer Network\final project\Final project_ZhengAn(G31579743)\Source Code\GameServer\LoginServer\MessageHandler.cpp(300,46): warning : comparison of integer expressions of different signedness: ‘std::__cxx11::basic_string<char>::size_type’ {aka ‘long unsigned int’} and ‘ssize_t’ {aka ‘long int’} [-Wsign-compare]
E:\classes\Computer Network\final project\Final project_ZhengAn(G31579743)\Source Code\GameServer\LoginServer\MessageHandler.cpp(300,46): warning :   300 |  if ((0 <= this->m_tcpFD) && (_output.size() == send(this->m_tcpFD, pOut, _output.size(), 0)))
E:\classes\Computer Network\final project\Final project_ZhengAn(G31579743)\Source Code\GameServer\LoginServer\MessageHandler.cpp(300,46): warning :       |                               ~~~~~~~~~~~~~~~^~~~~~~~~~~~~~~~~~~~~~~~~~~~~~~~~~~~~~~~~~~~~~~
E:\classes\Computer Network\final project\Final project_ZhengAn(G31579743)\Source Code\GameServer\LoginServer\MessageHandler.cpp(328,28): warning : conversion from ‘std::__cxx11::basic_string<char>::size_type’ {aka ‘long unsigned int’} to ‘int32_t’ {aka ‘int’} may change value [-Wconversion]
E:\classes\Computer Network\final project\Final project_ZhengAn(G31579743)\Source Code\GameServer\LoginServer\MessageHandler.cpp(328,28): warning :   328 |  int32_t len = content.size();
E:\classes\Computer Network\final project\Final project_ZhengAn(G31579743)\Source Code\GameServer\LoginServer\MessageHandler.cpp(328,28): warning :       |                ~~~~~~~~~~~~^~
E:\classes\Computer Network\final project\Final project_ZhengAn(G31579743)\Source Code\GameServer\LoginServer\MessageHandler.cpp(342,39): warning : comparison of integer expressions of different signedness: ‘std::__cxx11::basic_string<char>::size_type’ {aka ‘long unsigned int’} and ‘ssize_t’ {aka ‘long int’} [-Wsign-compare]
E:\classes\Computer Network\final project\Final project_ZhengAn(G31579743)\Source Code\GameServer\LoginServer\MessageHandler.cpp(342,39): warning :   342 |  if ((0 <= _tcpFd) && (_output.size() == send(_tcpFd, pOut, _output.size(), 0)))
E:\classes\Computer Network\final project\Final project_ZhengAn(G31579743)\Source Code\GameServer\LoginServer\MessageHandler.cpp(342,39): warning :       |                        ~~~~~~~~~~~~~~~^~~~~~~~~~~~~~~~~~~~~~~~~~~~~~~~~~~~~~~~
  TcpListener.cpp
E:\classes\Computer Network\final project\Final project_ZhengAn(G31579743)\Source Code\GameServer\LoginServer\TcpListener.h(52,9): warning : ‘TcpDataHandler::m_clientIP’ will be initialized after [-Wreorder]
E:\classes\Computer Network\final project\Final project_ZhengAn(G31579743)\Source Code\GameServer\LoginServer\TcpListener.h(52,9): warning :    52 |  string m_clientIP;
E:\classes\Computer Network\final project\Final project_ZhengAn(G31579743)\Source Code\GameServer\LoginServer\TcpListener.h(52,9): warning :       |         ^~~~~~~~~~
E:\classes\Computer Network\final project\Final project_ZhengAn(G31579743)\Source Code\GameServer\LoginServer\TcpListener.h(51,6): warning : ‘int TcpDataHandler::m_clientPort’ [-Wreorder]
E:\classes\Computer Network\final project\Final project_ZhengAn(G31579743)\Source Code\GameServer\LoginServer\TcpListener.h(51,6): warning :    51 |  int m_clientPort;
E:\classes\Computer Network\final project\Final project_ZhengAn(G31579743)\Source Code\GameServer\LoginServer\TcpListener.h(51,6): warning :       |      ^~~~~~~~~~~~
E:\classes\Computer Network\final project\Final project_ZhengAn(G31579743)\Source Code\GameServer\LoginServer\TcpListener.cpp(122,1): warning : when initialized here [-Wreorder]
E:\classes\Computer Network\final project\Final project_ZhengAn(G31579743)\Source Code\GameServer\LoginServer\TcpListener.cpp(231,28): warning : comparison of integer expressions of different signedness: ‘std::__cxx11::basic_string<char>::size_type’ {aka ‘long unsigned int’} and ‘int’ [-Wsign-compare]
E:\classes\Computer Network\final project\Final project_ZhengAn(G31579743)\Source Code\GameServer\LoginServer\TcpListener.cpp(231,28): warning :   231 |   if (m_lastBuf.size() - 8 >= len)
E:\classes\Computer Network\final project\Final project_ZhengAn(G31579743)\Source Code\GameServer\LoginServer\TcpListener.cpp(231,28): warning :       |       ~~~~~~~~~~~~~~~~~~~~~^~~~~~
  tool.cpp
  正在链接对象
  LoginServer.vcxproj -> E:\classes\Computer Network\final project\Final project_ZhengAn(G31579743)\Source Code\GameServer\LoginServer\bin\x64\Debug\GameServer.out
