  正在清理远程项目目录
  正在验证源
  正在将源远程复制到“192.168.18.128”
  正在验证体系结构
  正在验证体系结构
  正在启动远程生成
  正在编译源:
  allmsg.pb.cc
  Channel.cpp
  LoadBalancer.cpp
E:\classes\Computer Network\final project\Final project_ZhengAn(G31579743)\Source Code\LoginServer\LoginServer\LoadBalancer.cpp(6,40): warning : conversion from ‘int’ to ‘float’ may change value [-Wconversion]
E:\classes\Computer Network\final project\Final project_ZhengAn(G31579743)\Source Code\LoginServer\LoginServer\LoadBalancer.cpp(6,40): warning :     6 |     int curReplicas = (1 - loadRate) * m_maxReplicas;
E:\classes\Computer Network\final project\Final project_ZhengAn(G31579743)\Source Code\LoginServer\LoginServer\LoadBalancer.cpp(6,40): warning :       |                                        ^~~~~~~~~~~~~
E:\classes\Computer Network\final project\Final project_ZhengAn(G31579743)\Source Code\LoginServer\LoginServer\LoadBalancer.cpp(6,38): warning : conversion from ‘float’ to ‘int’ may change value [-Wfloat-conversion]
E:\classes\Computer Network\final project\Final project_ZhengAn(G31579743)\Source Code\LoginServer\LoginServer\LoadBalancer.cpp(6,38): warning :     6 |     int curReplicas = (1 - loadRate) * m_maxReplicas;
E:\classes\Computer Network\final project\Final project_ZhengAn(G31579743)\Source Code\LoginServer\LoginServer\LoadBalancer.cpp(6,38): warning :       |                       ~~~~~~~~~~~~~~~^~~~~~~~~~~~~~~
  LoginServer.cpp
E:\classes\Computer Network\final project\Final project_ZhengAn(G31579743)\Source Code\LoginServer\LoginServer\LoginServer.cpp(25,9): warning : unused variable ‘ret’ [-Wunused-variable]
E:\classes\Computer Network\final project\Final project_ZhengAn(G31579743)\Source Code\LoginServer\LoginServer\LoginServer.cpp(25,9): warning :    25 |     int ret = epoll_ctl(m_iEpollFd, EPOLL_CTL_ADD, STDIN_FILENO, &ev);
E:\classes\Computer Network\final project\Final project_ZhengAn(G31579743)\Source Code\LoginServer\LoginServer\LoginServer.cpp(25,9): warning :       |         ^~~
E:\classes\Computer Network\final project\Final project_ZhengAn(G31579743)\Source Code\LoginServer\LoginServer\LoginServer.cpp(58,13): warning : deleting object of abstract class type ‘Channel’ which has non-virtual destructor will cause undefined behavior [-Wdelete-non-virtual-dtor]
E:\classes\Computer Network\final project\Final project_ZhengAn(G31579743)\Source Code\LoginServer\LoginServer\LoginServer.cpp(58,13): warning :    58 |      delete _Channel;
E:\classes\Computer Network\final project\Final project_ZhengAn(G31579743)\Source Code\LoginServer\LoginServer\LoginServer.cpp(58,13): warning :       |             ^~~~~~~~
E:\classes\Computer Network\final project\Final project_ZhengAn(G31579743)\Source Code\LoginServer\LoginServer\LoginServer.cpp(113,21): warning : comparison of integer expressions of different signedness: ‘int’ and ‘std::__cxx11::basic_string<char>::size_type’ {aka ‘long unsigned int’} [-Wsign-compare]
E:\classes\Computer Network\final project\Final project_ZhengAn(G31579743)\Source Code\LoginServer\LoginServer\LoginServer.cpp(113,21): warning :   113 |   for (int i = 0; i < _szData.size(); ++i)
E:\classes\Computer Network\final project\Final project_ZhengAn(G31579743)\Source Code\LoginServer\LoginServer\LoginServer.cpp(113,21): warning :       |                   ~~^~~~~~~~~~~~~~~~
  main.cpp
  MessageHandler.cpp
E:\classes\Computer Network\final project\Final project_ZhengAn(G31579743)\Source Code\LoginServer\LoginServer\MessageHandler.cpp(136,10): warning : enumeration value ‘CLIENT_2_GAMESERVER_LOGIN’ not handled in switch [-Wswitch]
E:\classes\Computer Network\final project\Final project_ZhengAn(G31579743)\Source Code\LoginServer\LoginServer\MessageHandler.cpp(136,10): warning :   136 |   switch (single->m_messageType)
E:\classes\Computer Network\final project\Final project_ZhengAn(G31579743)\Source Code\LoginServer\LoginServer\MessageHandler.cpp(136,10): warning :       |          ^
E:\classes\Computer Network\final project\Final project_ZhengAn(G31579743)\Source Code\LoginServer\LoginServer\MessageHandler.cpp(136,10): warning : enumeration value ‘GAMESERVER_2_CLIENT_LOGINBACK’ not handled in switch [-Wswitch]
E:\classes\Computer Network\final project\Final project_ZhengAn(G31579743)\Source Code\LoginServer\LoginServer\MessageHandler.cpp(136,10): warning : enumeration value ‘CLIENT_2_GAMESERVER_PLAYERLIST’ not handled in switch [-Wswitch]
E:\classes\Computer Network\final project\Final project_ZhengAn(G31579743)\Source Code\LoginServer\LoginServer\MessageHandler.cpp(136,10): warning : enumeration value ‘GAMESERVER_2_CLIENT_PLAYERLISTBACK’ not handled in switch [-Wswitch]
E:\classes\Computer Network\final project\Final project_ZhengAn(G31579743)\Source Code\LoginServer\LoginServer\MessageHandler.cpp(136,10): warning : enumeration value ‘CLIENT_2_GAMESERVER_ATTACK’ not handled in switch [-Wswitch]
E:\classes\Computer Network\final project\Final project_ZhengAn(G31579743)\Source Code\LoginServer\LoginServer\MessageHandler.cpp(136,10): warning : enumeration value ‘GAMESERVER_2_CLIENT_ATTACKBACK’ not handled in switch [-Wswitch]
E:\classes\Computer Network\final project\Final project_ZhengAn(G31579743)\Source Code\LoginServer\LoginServer\MessageHandler.cpp(136,10): warning : enumeration value ‘CLIENT_2_GAMESERVER_SENDMSG’ not handled in switch [-Wswitch]
E:\classes\Computer Network\final project\Final project_ZhengAn(G31579743)\Source Code\LoginServer\LoginServer\MessageHandler.cpp(136,10): warning : enumeration value ‘GAMESERVER_2_CLIENT_SENDMSGBACK’ not handled in switch [-Wswitch]
E:\classes\Computer Network\final project\Final project_ZhengAn(G31579743)\Source Code\LoginServer\LoginServer\MessageHandler.cpp(136,10): warning : enumeration value ‘GAMESERVER_2_CLIENT_RECEIVEMSG’ not handled in switch [-Wswitch]
E:\classes\Computer Network\final project\Final project_ZhengAn(G31579743)\Source Code\LoginServer\LoginServer\MessageHandler.cpp(136,10): warning : enumeration value ‘GAME_MSG_RESPONSE_IP’ not handled in switch [-Wswitch]
E:\classes\Computer Network\final project\Final project_ZhengAn(G31579743)\Source Code\LoginServer\LoginServer\MessageHandler.cpp(136,10): warning : enumeration value ‘GAME_MSG_UPDATEGAMESERVER_INFO_BACK’ not handled in switch [-Wswitch]
E:\classes\Computer Network\final project\Final project_ZhengAn(G31579743)\Source Code\LoginServer\LoginServer\MessageHandler.cpp(199,28): warning : conversion from ‘std::__cxx11::basic_string<char>::size_type’ {aka ‘long unsigned int’} to ‘int32_t’ {aka ‘int’} may change value [-Wconversion]
E:\classes\Computer Network\final project\Final project_ZhengAn(G31579743)\Source Code\LoginServer\LoginServer\MessageHandler.cpp(199,28): warning :   199 |  int32_t len = content.size();
E:\classes\Computer Network\final project\Final project_ZhengAn(G31579743)\Source Code\LoginServer\LoginServer\MessageHandler.cpp(199,28): warning :       |                ~~~~~~~~~~~~^~
E:\classes\Computer Network\final project\Final project_ZhengAn(G31579743)\Source Code\LoginServer\LoginServer\MessageHandler.cpp(213,46): warning : comparison of integer expressions of different signedness: ‘std::__cxx11::basic_string<char>::size_type’ {aka ‘long unsigned int’} and ‘ssize_t’ {aka ‘long int’} [-Wsign-compare]
E:\classes\Computer Network\final project\Final project_ZhengAn(G31579743)\Source Code\LoginServer\LoginServer\MessageHandler.cpp(213,46): warning :   213 |  if ((0 <= this->m_tcpFD) && (_output.size() == send(this->m_tcpFD, pOut, _output.size(), 0)))
E:\classes\Computer Network\final project\Final project_ZhengAn(G31579743)\Source Code\LoginServer\LoginServer\MessageHandler.cpp(213,46): warning :       |                               ~~~~~~~~~~~~~~~^~~~~~~~~~~~~~~~~~~~~~~~~~~~~~~~~~~~~~~~~~~~~~~
  TcpListener.cpp
E:\classes\Computer Network\final project\Final project_ZhengAn(G31579743)\Source Code\LoginServer\LoginServer\TcpListener.h(51,9): warning : ‘TcpDataHandler::m_clientIP’ will be initialized after [-Wreorder]
E:\classes\Computer Network\final project\Final project_ZhengAn(G31579743)\Source Code\LoginServer\LoginServer\TcpListener.h(51,9): warning :    51 |  string m_clientIP;
E:\classes\Computer Network\final project\Final project_ZhengAn(G31579743)\Source Code\LoginServer\LoginServer\TcpListener.h(51,9): warning :       |         ^~~~~~~~~~
E:\classes\Computer Network\final project\Final project_ZhengAn(G31579743)\Source Code\LoginServer\LoginServer\TcpListener.h(50,6): warning : ‘int TcpDataHandler::m_clientPort’ [-Wreorder]
E:\classes\Computer Network\final project\Final project_ZhengAn(G31579743)\Source Code\LoginServer\LoginServer\TcpListener.h(50,6): warning :    50 |  int m_clientPort;
E:\classes\Computer Network\final project\Final project_ZhengAn(G31579743)\Source Code\LoginServer\LoginServer\TcpListener.h(50,6): warning :       |      ^~~~~~~~~~~~
E:\classes\Computer Network\final project\Final project_ZhengAn(G31579743)\Source Code\LoginServer\LoginServer\TcpListener.cpp(136,1): warning : when initialized here [-Wreorder]
E:\classes\Computer Network\final project\Final project_ZhengAn(G31579743)\Source Code\LoginServer\LoginServer\TcpListener.cpp(236,28): warning : comparison of integer expressions of different signedness: ‘std::__cxx11::basic_string<char>::size_type’ {aka ‘long unsigned int’} and ‘int’ [-Wsign-compare]
E:\classes\Computer Network\final project\Final project_ZhengAn(G31579743)\Source Code\LoginServer\LoginServer\TcpListener.cpp(236,28): warning :   236 |   if (m_lastBuf.size() - 8 >= len)
E:\classes\Computer Network\final project\Final project_ZhengAn(G31579743)\Source Code\LoginServer\LoginServer\TcpListener.cpp(236,28): warning :       |       ~~~~~~~~~~~~~~~~~~~~~^~~~~~
  正在链接对象
  LoginServer.vcxproj -> E:\classes\Computer Network\final project\Final project_ZhengAn(G31579743)\Source Code\LoginServer\LoginServer\bin\x64\Debug\LoginServer.out
